2017-12-08 13:28:09 WARNING (MainThread) [homeassistant.setup] Setup of sensor is taking over 10 seconds.
2017-12-08 13:28:41 WARNING (MainThread) [homeassistant.setup] Setup of tts is taking over 10 seconds.
2017-12-08 13:35:42 WARNING (MainThread) [homeassistant.components.media_player] Setup of platform cast is taking over 10 seconds.
2017-12-08 13:35:43 WARNING (MainThread) [homeassistant.components.media_player] Setup of platform cast is taking over 10 seconds.
2017-12-08 13:35:43 WARNING (MainThread) [homeassistant.components.media_player] Setup of platform cast is taking over 10 seconds.
2017-12-08 13:35:44 WARNING (MainThread) [homeassistant.components.media_player] Setup of platform cast is taking over 10 seconds.
2017-12-08 13:35:44 WARNING (MainThread) [homeassistant.components.media_player] Setup of platform cast is taking over 10 seconds.
2017-12-08 13:36:54 WARNING (MainThread) [homeassistant.helpers.entity] Update of binary_sensor.door_window_sensor_158d0001d84f5f is taking over 10 seconds
2017-12-08 13:36:54 ERROR (Thread-21) [PyXiaomiGateway] Cannot connect to Gateway
2017-12-08 13:36:54 ERROR (Thread-21) [PyXiaomiGateway] No data in response from hub None
2017-12-08 13:38:27 WARNING (MainThread) [homeassistant.helpers.entity] Update of binary_sensor.door_window_sensor_158d0001d84f5f is taking over 10 seconds
2017-12-08 13:38:27 ERROR (Thread-9) [PyXiaomiGateway] Cannot connect to Gateway
2017-12-08 13:38:27 ERROR (Thread-9) [PyXiaomiGateway] No data in response from hub None
2017-12-08 13:42:03 WARNING (Thread-18) [homeassistant.components.light.hue] Connected to Hue at 192.168.1.13 but not registered.
2017-12-08 13:45:30 ERROR (Thread-51) [pychromecast.socket_client] Error reading from socket.
2017-12-08 13:45:30 ERROR (Thread-49) [pychromecast.socket_client] Error reading from socket.
2017-12-08 13:45:30 ERROR (Thread-37) [pychromecast.socket_client] Error reading from socket.
2017-12-08 13:45:30 ERROR (Thread-43) [pychromecast.socket_client] Error reading from socket.
2017-12-08 13:45:30 WARNING (Thread-51) [pychromecast.socket_client] Error communicating with socket, resetting connection
2017-12-08 13:45:30 WARNING (Thread-49) [pychromecast.socket_client] Error communicating with socket, resetting connection
2017-12-08 13:45:30 WARNING (Thread-43) [pychromecast.socket_client] Error communicating with socket, resetting connection
2017-12-08 13:45:30 ERROR (Thread-26) [pychromecast.socket_client] Error reading from socket.
2017-12-08 13:45:30 WARNING (Thread-37) [pychromecast.socket_client] Error communicating with socket, resetting connection
2017-12-08 13:45:30 ERROR (Thread-49) [pychromecast.socket_client] Failed to connect, retrying in 5.0s
2017-12-08 13:45:30 ERROR (Thread-51) [pychromecast.socket_client] Failed to connect, retrying in 5.0s
2017-12-08 13:45:30 ERROR (Thread-25) [pychromecast.socket_client] Error reading from socket.
2017-12-08 13:45:30 ERROR (Thread-43) [pychromecast.socket_client] Failed to connect, retrying in 5.0s
2017-12-08 13:45:30 WARNING (Thread-26) [pychromecast.socket_client] Error communicating with socket, resetting connection
2017-12-08 13:45:30 ERROR (Thread-37) [pychromecast.socket_client] Failed to connect, retrying in 5.0s
2017-12-08 13:45:30 WARNING (Thread-25) [pychromecast.socket_client] Error communicating with socket, resetting connection
2017-12-08 13:45:30 ERROR (Thread-25) [pychromecast.socket_client] Failed to connect, retrying in 5.0s
2017-12-08 13:45:30 ERROR (Thread-26) [pychromecast.socket_client] Failed to connect, retrying in 5.0s
